{"level":"info","message":"Server running on port 3000","timestamp":"2025-07-29T12:32:20.843Z"}
{"level":"info","message":"MongoDB connected","timestamp":"2025-07-29T12:32:20.882Z"}
{"level":"error","message":"User already exists","timestamp":"2025-07-29T13:05:35.646Z"}
{"level":"error","message":"Driver not approved","timestamp":"2025-07-29T13:09:23.326Z"}
{"level":"error","message":"Driver not approved","timestamp":"2025-07-29T13:20:27.853Z"}
{"level":"error","message":"Cast to ObjectId failed for value \"6888c6c9ee56ca9edd8321c9\\n\\n\\n\\n\" (type string) at path \"_id\" for model \"User\"","timestamp":"2025-07-29T13:23:22.244Z"}
{"level":"error","message":"Cast to ObjectId failed for value \"6888c6c9ee56ca9edd8321c9\\n\\n\\n\\n\" (type string) at path \"_id\" for model \"User\"","timestamp":"2025-07-29T13:24:50.387Z"}
{"level":"error","message":"Cast to ObjectId failed for value \"6888c6c9ee56ca9edd8321c9\\n\\n\\n\\n\" (type string) at path \"_id\" for model \"User\"","timestamp":"2025-07-29T13:26:33.029Z"}
{"level":"error","message":"User already exists","timestamp":"2025-07-29T13:27:01.595Z"}
{"level":"error","message":"Cast to ObjectId failed for value \"6888c6c9ee56ca9edd8321c9\\n\\n\\n\\n\" (type string) at path \"_id\" for model \"User\"","timestamp":"2025-07-29T13:27:58.695Z"}
{"level":"error","message":"Cast to ObjectId failed for value \"6888c6c9ee56ca9edd8321c9\\n\\n\\n\\n\" (type string) at path \"_id\" for model \"User\"","timestamp":"2025-07-29T13:30:55.221Z"}
{"level":"error","message":"Ride not available","timestamp":"2025-07-29T13:37:55.823Z"}
{"level":"error","message":"Ride not available","timestamp":"2025-07-29T13:38:18.666Z"}
{"level":"error","message":"Ride not available","timestamp":"2025-07-29T13:39:19.584Z"}
{"level":"error","message":"Ride not available","timestamp":"2025-07-29T13:39:58.802Z"}
{"level":"error","message":"Invalid or unavailable driver","timestamp":"2025-07-29T13:41:57.171Z"}
{"level":"error","message":"Invalid or unavailable driver","timestamp":"2025-07-29T13:43:38.122Z"}
{"level":"error","message":"Invalid or unavailable driver","timestamp":"2025-07-29T13:45:27.750Z"}
{"level":"error","message":"Driver not approved","timestamp":"2025-07-29T13:45:42.560Z"}
{"level":"error","message":"Invalid or unavailable driver","timestamp":"2025-07-29T13:47:46.667Z"}
{"level":"error","message":"User already exists","timestamp":"2025-07-29T14:19:51.418Z"}
{"level":"info","message":"Server running on port 3000","timestamp":"2025-07-29T14:20:36.023Z"}
{"level":"info","message":"MongoDB connected","timestamp":"2025-07-29T14:20:36.679Z"}
{"level":"info","message":"Server running on port 3000","timestamp":"2025-08-20T15:32:49.714Z"}
{"level":"info","message":"MongoDB connected","timestamp":"2025-08-20T15:32:50.446Z"}
{"level":"info","message":"Server running on port 3000","timestamp":"2025-09-08T08:22:35.901Z"}
{"level":"info","message":"MongoDB connected","timestamp":"2025-09-08T08:22:36.923Z"}
{"level":"info","message":"Server running on port 3000","timestamp":"2025-09-08T08:23:01.272Z"}
{"level":"info","message":"MongoDB connected","timestamp":"2025-09-08T08:23:02.204Z"}
{"level":"info","message":"Server running on port 3000","timestamp":"2025-09-08T08:25:27.965Z"}
{"level":"info","message":"MongoDB connected","timestamp":"2025-09-08T08:25:29.011Z"}
{"level":"info","message":"Server running on port 3000","timestamp":"2025-09-08T08:27:51.173Z"}
{"level":"info","message":"MongoDB connected","timestamp":"2025-09-08T08:27:52.127Z"}
{"level":"error","message":"Invalid credentials","timestamp":"2025-09-08T08:47:48.060Z"}
{"level":"info","message":"Server running on port 3000","timestamp":"2025-09-08T08:49:52.021Z"}
{"level":"info","message":"MongoDB connected","timestamp":"2025-09-08T08:49:52.997Z"}
{"level":"info","message":"Server running on port 3000","timestamp":"2025-09-08T08:50:17.674Z"}
{"level":"info","message":"MongoDB connected","timestamp":"2025-09-08T08:50:18.582Z"}
{"level":"info","message":"Database connected successfully","timestamp":"2025-09-08T08:50:18.582Z"}
{"level":"info","message":"Server running on port 3000","timestamp":"2025-09-08T08:50:55.475Z"}
{"level":"info","message":"MongoDB connected","timestamp":"2025-09-08T08:51:01.579Z"}
{"level":"info","message":"Database connected successfully","timestamp":"2025-09-08T08:51:01.579Z"}
{"level":"info","message":"Server running on port 3000","timestamp":"2025-09-08T08:51:03.536Z"}
{"level":"info","message":"Server running on port 3000","timestamp":"2025-09-08T08:51:03.535Z"}
{"level":"info","message":"MongoDB connected","timestamp":"2025-09-08T08:51:04.498Z"}
{"level":"info","message":"Database connected successfully","timestamp":"2025-09-08T08:51:04.499Z"}
{"level":"info","message":"MongoDB connected","timestamp":"2025-09-08T08:51:04.698Z"}
{"level":"info","message":"Database connected successfully","timestamp":"2025-09-08T08:51:04.698Z"}
{"level":"info","message":"Server running on port 3000","timestamp":"2025-09-08T08:51:55.595Z"}
{"level":"info","message":"Server running on port 3000","timestamp":"2025-09-08T08:51:55.638Z"}
{"level":"info","message":"MongoDB connected","timestamp":"2025-09-08T08:51:56.507Z"}
{"level":"info","message":"Database connected successfully","timestamp":"2025-09-08T08:51:56.507Z"}
{"level":"info","message":"MongoDB connected","timestamp":"2025-09-08T08:51:56.563Z"}
{"level":"info","message":"Database connected successfully","timestamp":"2025-09-08T08:51:56.563Z"}
{"level":"info","message":"Server running on port 3000","timestamp":"2025-09-08T08:54:17.903Z"}
{"level":"info","message":"MongoDB connected","timestamp":"2025-09-08T08:54:18.931Z"}
{"level":"info","message":"Database connected successfully","timestamp":"2025-09-08T08:54:18.932Z"}
{"level":"info","message":"Server running on port 3000","timestamp":"2025-09-08T08:55:57.135Z"}
{"level":"info","message":"MongoDB connected","timestamp":"2025-09-08T08:55:58.176Z"}
{"level":"info","message":"Database connected successfully","timestamp":"2025-09-08T08:55:58.177Z"}
{"level":"error","message":"Invalid credentials","timestamp":"2025-09-08T08:56:35.758Z"}
{"level":"info","message":"Server running on port 3000","timestamp":"2025-09-08T08:57:02.017Z"}
{"level":"info","message":"Server running on port 3000","timestamp":"2025-09-08T08:57:02.072Z"}
{"level":"info","message":"MongoDB connected","timestamp":"2025-09-08T08:57:03.065Z"}
{"level":"info","message":"Database connected successfully","timestamp":"2025-09-08T08:57:03.065Z"}
{"level":"info","message":"MongoDB connected","timestamp":"2025-09-08T08:57:03.069Z"}
{"level":"info","message":"Database connected successfully","timestamp":"2025-09-08T08:57:03.069Z"}
{"level":"info","message":"Server running on port 3000","timestamp":"2025-09-08T09:24:43.073Z"}
{"level":"info","message":"MongoDB connected","timestamp":"2025-09-08T09:24:43.828Z"}
{"level":"info","message":"Database connected successfully","timestamp":"2025-09-08T09:24:43.829Z"}
{"level":"info","message":"Server running on port 3000","timestamp":"2025-09-08T09:31:20.360Z"}
{"level":"info","message":"MongoDB connected","timestamp":"2025-09-08T09:31:21.230Z"}
{"level":"info","message":"Database connected successfully","timestamp":"2025-09-08T09:31:21.231Z"}
{"level":"info","message":"Server running on port 3000","timestamp":"2025-09-13T12:05:17.834Z"}
{"level":"info","message":"MongoDB connected","timestamp":"2025-09-13T12:05:18.717Z"}
{"level":"info","message":"Database connected successfully","timestamp":"2025-09-13T12:05:18.717Z"}
